<?xml version="1.0" encoding="UTF-8"?>
<testsuite xmlns:xsi="http://www.w3.org/2001/XMLSchema-instance" xsi:noNamespaceSchemaLocation="https://maven.apache.org/surefire/maven-surefire-plugin/xsd/surefire-test-report-3.0.xsd" version="3.0" name="TestSuite" time="7.032" tests="5" errors="0" skipped="0" failures="0">
  <properties>
    <property name="java.specification.version" value="17"/>
    <property name="sun.cpu.isalist" value="amd64"/>
    <property name="sun.jnu.encoding" value="Cp1252"/>
    <property name="java.class.path" value="C:\Automation\restassured-framework\target\test-classes;C:\Automation\restassured-framework\target\classes;C:\Users\knguyen\.m2\repository\io\rest-assured\rest-assured\5.3.0\rest-assured-5.3.0.jar;C:\Users\knguyen\.m2\repository\org\apache\groovy\groovy\4.0.6\groovy-4.0.6.jar;C:\Users\knguyen\.m2\repository\org\apache\groovy\groovy-xml\4.0.6\groovy-xml-4.0.6.jar;C:\Users\knguyen\.m2\repository\org\apache\httpcomponents\httpclient\4.5.13\httpclient-4.5.13.jar;C:\Users\knguyen\.m2\repository\org\apache\httpcomponents\httpcore\4.4.13\httpcore-4.4.13.jar;C:\Users\knguyen\.m2\repository\commons-logging\commons-logging\1.2\commons-logging-1.2.jar;C:\Users\knguyen\.m2\repository\commons-codec\commons-codec\1.11\commons-codec-1.11.jar;C:\Users\knguyen\.m2\repository\org\apache\httpcomponents\httpmime\4.5.13\httpmime-4.5.13.jar;C:\Users\knguyen\.m2\repository\org\hamcrest\hamcrest\2.1\hamcrest-2.1.jar;C:\Users\knguyen\.m2\repository\org\ccil\cowan\tagsoup\tagsoup\1.2.1\tagsoup-1.2.1.jar;C:\Users\knguyen\.m2\repository\io\rest-assured\json-path\5.3.0\json-path-5.3.0.jar;C:\Users\knguyen\.m2\repository\org\apache\groovy\groovy-json\4.0.6\groovy-json-4.0.6.jar;C:\Users\knguyen\.m2\repository\io\rest-assured\rest-assured-common\5.3.0\rest-assured-common-5.3.0.jar;C:\Users\knguyen\.m2\repository\io\rest-assured\xml-path\5.3.0\xml-path-5.3.0.jar;C:\Users\knguyen\.m2\repository\org\apache\commons\commons-lang3\3.11\commons-lang3-3.11.jar;C:\Users\knguyen\.m2\repository\org\testng\testng\7.8.0\testng-7.8.0.jar;C:\Users\knguyen\.m2\repository\org\slf4j\slf4j-api\1.7.36\slf4j-api-1.7.36.jar;C:\Users\knguyen\.m2\repository\com\beust\jcommander\1.82\jcommander-1.82.jar;C:\Users\knguyen\.m2\repository\org\webjars\jquery\3.6.1\jquery-3.6.1.jar;C:\Users\knguyen\.m2\repository\org\json\json\20230227\json-20230227.jar;C:\Users\knguyen\.m2\repository\com\aventstack\extentreports\5.0.9\extentreports-5.0.9.jar;C:\Users\knguyen\.m2\repository\io\reactivex\rxjava3\rxjava\3.0.4\rxjava-3.0.4.jar;C:\Users\knguyen\.m2\repository\org\reactivestreams\reactive-streams\1.0.3\reactive-streams-1.0.3.jar;C:\Users\knguyen\.m2\repository\org\freemarker\freemarker\2.3.30\freemarker-2.3.30.jar;C:\Users\knguyen\.m2\repository\com\google\code\gson\gson\2.8.6\gson-2.8.6.jar;C:\Users\knguyen\.m2\repository\io\rest-assured\json-schema-validator\5.4.0\json-schema-validator-5.4.0.jar;C:\Users\knguyen\.m2\repository\com\github\java-json-tools\json-schema-validator\2.2.14\json-schema-validator-2.2.14.jar;C:\Users\knguyen\.m2\repository\com\github\java-json-tools\jackson-coreutils-equivalence\1.0\jackson-coreutils-equivalence-1.0.jar;C:\Users\knguyen\.m2\repository\com\github\java-json-tools\jackson-coreutils\2.0\jackson-coreutils-2.0.jar;C:\Users\knguyen\.m2\repository\com\github\java-json-tools\msg-simple\1.2\msg-simple-1.2.jar;C:\Users\knguyen\.m2\repository\com\github\java-json-tools\btf\1.3\btf-1.3.jar;C:\Users\knguyen\.m2\repository\com\github\java-json-tools\json-schema-core\1.2.14\json-schema-core-1.2.14.jar;C:\Users\knguyen\.m2\repository\com\github\java-json-tools\uri-template\0.10\uri-template-0.10.jar;C:\Users\knguyen\.m2\repository\org\mozilla\rhino\1.7.7.2\rhino-1.7.7.2.jar;C:\Users\knguyen\.m2\repository\com\sun\mail\mailapi\1.6.2\mailapi-1.6.2.jar;C:\Users\knguyen\.m2\repository\joda-time\joda-time\2.10.5\joda-time-2.10.5.jar;C:\Users\knguyen\.m2\repository\com\googlecode\libphonenumber\libphonenumber\8.11.1\libphonenumber-8.11.1.jar;C:\Users\knguyen\.m2\repository\com\google\code\findbugs\jsr305\3.0.2\jsr305-3.0.2.jar;C:\Users\knguyen\.m2\repository\net\sf\jopt-simple\jopt-simple\5.0.4\jopt-simple-5.0.4.jar;C:\Users\knguyen\.m2\repository\com\google\guava\guava\32.0.1-jre\guava-32.0.1-jre.jar;C:\Users\knguyen\.m2\repository\com\google\guava\failureaccess\1.0.1\failureaccess-1.0.1.jar;C:\Users\knguyen\.m2\repository\com\google\guava\listenablefuture\9999.0-empty-to-avoid-conflict-with-guava\listenablefuture-9999.0-empty-to-avoid-conflict-with-guava.jar;C:\Users\knguyen\.m2\repository\org\checkerframework\checker-qual\3.33.0\checker-qual-3.33.0.jar;C:\Users\knguyen\.m2\repository\com\google\errorprone\error_prone_annotations\2.18.0\error_prone_annotations-2.18.0.jar;C:\Users\knguyen\.m2\repository\com\google\j2objc\j2objc-annotations\2.8\j2objc-annotations-2.8.jar;C:\Users\knguyen\.m2\repository\com\fasterxml\jackson\core\jackson-databind\2.15.2\jackson-databind-2.15.2.jar;C:\Users\knguyen\.m2\repository\com\fasterxml\jackson\core\jackson-annotations\2.15.2\jackson-annotations-2.15.2.jar;C:\Users\knguyen\.m2\repository\com\fasterxml\jackson\core\jackson-core\2.15.2\jackson-core-2.15.2.jar;C:\Users\knguyen\.m2\repository\org\projectlombok\lombok\1.18.30\lombok-1.18.30.jar;"/>
    <property name="java.vm.vendor" value="Oracle Corporation"/>
    <property name="sun.arch.data.model" value="64"/>
    <property name="user.variant" value=""/>
    <property name="java.vendor.url" value="https://java.oracle.com/"/>
    <property name="user.timezone" value="Asia/Bangkok"/>
    <property name="os.name" value="Windows 11"/>
    <property name="java.vm.specification.version" value="17"/>
    <property name="sun.java.launcher" value="SUN_STANDARD"/>
    <property name="user.country" value="US"/>
    <property name="sun.boot.library.path" value="C:\Program Files\Java\jdk-17\bin"/>
    <property name="sun.java.command" value="C:\Users\knguyen\AppData\Local\Temp\surefire12077480037342020647\surefirebooter-20250725154215265_3.jar C:\Users\knguyen\AppData\Local\Temp\surefire12077480037342020647 2025-07-25T15-42-14_830-jvmRun1 surefire-20250725154215265_1tmp surefire_0-20250725154215265_2tmp"/>
    <property name="jdk.debug" value="release"/>
    <property name="surefire.test.class.path" value="C:\Automation\restassured-framework\target\test-classes;C:\Automation\restassured-framework\target\classes;C:\Users\knguyen\.m2\repository\io\rest-assured\rest-assured\5.3.0\rest-assured-5.3.0.jar;C:\Users\knguyen\.m2\repository\org\apache\groovy\groovy\4.0.6\groovy-4.0.6.jar;C:\Users\knguyen\.m2\repository\org\apache\groovy\groovy-xml\4.0.6\groovy-xml-4.0.6.jar;C:\Users\knguyen\.m2\repository\org\apache\httpcomponents\httpclient\4.5.13\httpclient-4.5.13.jar;C:\Users\knguyen\.m2\repository\org\apache\httpcomponents\httpcore\4.4.13\httpcore-4.4.13.jar;C:\Users\knguyen\.m2\repository\commons-logging\commons-logging\1.2\commons-logging-1.2.jar;C:\Users\knguyen\.m2\repository\commons-codec\commons-codec\1.11\commons-codec-1.11.jar;C:\Users\knguyen\.m2\repository\org\apache\httpcomponents\httpmime\4.5.13\httpmime-4.5.13.jar;C:\Users\knguyen\.m2\repository\org\hamcrest\hamcrest\2.1\hamcrest-2.1.jar;C:\Users\knguyen\.m2\repository\org\ccil\cowan\tagsoup\tagsoup\1.2.1\tagsoup-1.2.1.jar;C:\Users\knguyen\.m2\repository\io\rest-assured\json-path\5.3.0\json-path-5.3.0.jar;C:\Users\knguyen\.m2\repository\org\apache\groovy\groovy-json\4.0.6\groovy-json-4.0.6.jar;C:\Users\knguyen\.m2\repository\io\rest-assured\rest-assured-common\5.3.0\rest-assured-common-5.3.0.jar;C:\Users\knguyen\.m2\repository\io\rest-assured\xml-path\5.3.0\xml-path-5.3.0.jar;C:\Users\knguyen\.m2\repository\org\apache\commons\commons-lang3\3.11\commons-lang3-3.11.jar;C:\Users\knguyen\.m2\repository\org\testng\testng\7.8.0\testng-7.8.0.jar;C:\Users\knguyen\.m2\repository\org\slf4j\slf4j-api\1.7.36\slf4j-api-1.7.36.jar;C:\Users\knguyen\.m2\repository\com\beust\jcommander\1.82\jcommander-1.82.jar;C:\Users\knguyen\.m2\repository\org\webjars\jquery\3.6.1\jquery-3.6.1.jar;C:\Users\knguyen\.m2\repository\org\json\json\20230227\json-20230227.jar;C:\Users\knguyen\.m2\repository\com\aventstack\extentreports\5.0.9\extentreports-5.0.9.jar;C:\Users\knguyen\.m2\repository\io\reactivex\rxjava3\rxjava\3.0.4\rxjava-3.0.4.jar;C:\Users\knguyen\.m2\repository\org\reactivestreams\reactive-streams\1.0.3\reactive-streams-1.0.3.jar;C:\Users\knguyen\.m2\repository\org\freemarker\freemarker\2.3.30\freemarker-2.3.30.jar;C:\Users\knguyen\.m2\repository\com\google\code\gson\gson\2.8.6\gson-2.8.6.jar;C:\Users\knguyen\.m2\repository\io\rest-assured\json-schema-validator\5.4.0\json-schema-validator-5.4.0.jar;C:\Users\knguyen\.m2\repository\com\github\java-json-tools\json-schema-validator\2.2.14\json-schema-validator-2.2.14.jar;C:\Users\knguyen\.m2\repository\com\github\java-json-tools\jackson-coreutils-equivalence\1.0\jackson-coreutils-equivalence-1.0.jar;C:\Users\knguyen\.m2\repository\com\github\java-json-tools\jackson-coreutils\2.0\jackson-coreutils-2.0.jar;C:\Users\knguyen\.m2\repository\com\github\java-json-tools\msg-simple\1.2\msg-simple-1.2.jar;C:\Users\knguyen\.m2\repository\com\github\java-json-tools\btf\1.3\btf-1.3.jar;C:\Users\knguyen\.m2\repository\com\github\java-json-tools\json-schema-core\1.2.14\json-schema-core-1.2.14.jar;C:\Users\knguyen\.m2\repository\com\github\java-json-tools\uri-template\0.10\uri-template-0.10.jar;C:\Users\knguyen\.m2\repository\org\mozilla\rhino\1.7.7.2\rhino-1.7.7.2.jar;C:\Users\knguyen\.m2\repository\com\sun\mail\mailapi\1.6.2\mailapi-1.6.2.jar;C:\Users\knguyen\.m2\repository\joda-time\joda-time\2.10.5\joda-time-2.10.5.jar;C:\Users\knguyen\.m2\repository\com\googlecode\libphonenumber\libphonenumber\8.11.1\libphonenumber-8.11.1.jar;C:\Users\knguyen\.m2\repository\com\google\code\findbugs\jsr305\3.0.2\jsr305-3.0.2.jar;C:\Users\knguyen\.m2\repository\net\sf\jopt-simple\jopt-simple\5.0.4\jopt-simple-5.0.4.jar;C:\Users\knguyen\.m2\repository\com\google\guava\guava\32.0.1-jre\guava-32.0.1-jre.jar;C:\Users\knguyen\.m2\repository\com\google\guava\failureaccess\1.0.1\failureaccess-1.0.1.jar;C:\Users\knguyen\.m2\repository\com\google\guava\listenablefuture\9999.0-empty-to-avoid-conflict-with-guava\listenablefuture-9999.0-empty-to-avoid-conflict-with-guava.jar;C:\Users\knguyen\.m2\repository\org\checkerframework\checker-qual\3.33.0\checker-qual-3.33.0.jar;C:\Users\knguyen\.m2\repository\com\google\errorprone\error_prone_annotations\2.18.0\error_prone_annotations-2.18.0.jar;C:\Users\knguyen\.m2\repository\com\google\j2objc\j2objc-annotations\2.8\j2objc-annotations-2.8.jar;C:\Users\knguyen\.m2\repository\com\fasterxml\jackson\core\jackson-databind\2.15.2\jackson-databind-2.15.2.jar;C:\Users\knguyen\.m2\repository\com\fasterxml\jackson\core\jackson-annotations\2.15.2\jackson-annotations-2.15.2.jar;C:\Users\knguyen\.m2\repository\com\fasterxml\jackson\core\jackson-core\2.15.2\jackson-core-2.15.2.jar;C:\Users\knguyen\.m2\repository\org\projectlombok\lombok\1.18.30\lombok-1.18.30.jar;"/>
    <property name="sun.cpu.endian" value="little"/>
    <property name="user.home" value="C:\Users\knguyen"/>
    <property name="user.language" value="en"/>
    <property name="java.specification.vendor" value="Oracle Corporation"/>
    <property name="java.version.date" value="2023-04-18"/>
    <property name="java.home" value="C:\Program Files\Java\jdk-17"/>
    <property name="file.separator" value="\"/>
    <property name="basedir" value="C:\Automation\restassured-framework"/>
    <property name="java.vm.compressedOopsMode" value="Zero based"/>
    <property name="line.separator" value="&#10;"/>
    <property name="java.vm.specification.vendor" value="Oracle Corporation"/>
    <property name="java.specification.name" value="Java Platform API Specification"/>
    <property name="surefire.real.class.path" value="C:\Users\knguyen\AppData\Local\Temp\surefire12077480037342020647\surefirebooter-20250725154215265_3.jar"/>
    <property name="user.script" value=""/>
    <property name="sun.management.compiler" value="HotSpot 64-Bit Tiered Compilers"/>
    <property name="java.runtime.version" value="17.0.7+8-LTS-224"/>
    <property name="user.name" value="knguyen"/>
    <property name="path.separator" value=";"/>
    <property name="os.version" value="10.0"/>
    <property name="java.runtime.name" value="Java(TM) SE Runtime Environment"/>
    <property name="file.encoding" value="Cp1252"/>
    <property name="java.vm.name" value="Java HotSpot(TM) 64-Bit Server VM"/>
    <property name="localRepository" value="C:\Users\knguyen\.m2\repository"/>
    <property name="java.vendor.url.bug" value="https://bugreport.java.com/bugreport/"/>
    <property name="java.io.tmpdir" value="C:\Users\knguyen\AppData\Local\Temp\"/>
    <property name="java.version" value="17.0.7"/>
    <property name="user.dir" value="C:\Automation\restassured-framework"/>
    <property name="os.arch" value="amd64"/>
    <property name="java.vm.specification.name" value="Java Virtual Machine Specification"/>
    <property name="env" value="dev"/>
    <property name="sun.os.patch.level" value=""/>
    <property name="native.encoding" value="Cp1252"/>
    <property name="java.library.path" value="C:\Program Files\Java\jdk-17\bin;C:\WINDOWS\Sun\Java\bin;C:\WINDOWS\system32;C:\WINDOWS;C:\Program Files\Common Files\Oracle\Java\javapath;C:\Program Files\Eclipse Adoptium\jdk-18.0.1.10-hotspot\bin;C:\Program Files\Eclipse Foundation\jdk-11.0.12.7-hotspot\bin;C:\WINDOWS\system32;C:\WINDOWS;C:\WINDOWS\System32\Wbem;C:\WINDOWS\System32\WindowsPowerShell\v1.0\;C:\WINDOWS\System32\OpenSSH\;C:\Program Files\Amazon\AWSCLI\bin\;C:\Program Files\Git\cmd;C:\Program Files\Amazon\AWSCLIV2\;C:\Program Files\Java\jdk-17\bin;C:\Program Files\ServiceNow\agent-client-collector\bin;C:\Program Files\ServiceNow\agent-client-collector\embedded\bin;C:\Users\knguyen\AppData\Local\Microsoft\WindowsApps;C:\Apache Jmeter\apache-jmeter-5.4.1\bin;C:\APACHE-MAVEN-3.8.5-BIN\APACHE-MAVEN-3.8.5\bin;;."/>
    <property name="java.vm.info" value="mixed mode, sharing"/>
    <property name="java.vendor" value="Oracle Corporation"/>
    <property name="java.vm.version" value="17.0.7+8-LTS-224"/>
    <property name="sun.io.unicode.encoding" value="UnicodeLittle"/>
    <property name="java.class.version" value="61.0"/>
  </properties>
  <testcase name="testSearchByZipcode" classname="tests.GeoCodingTest" time="2.371">
    <system-out><![CDATA[Request method:	GET
Request URI:	https://api.openweathermap.org/geo/1.0/zip?zip=E14%2CGB&appid=83c0ca4e98c85c1161a957c0991f05a4&limit=1
Proxy:			<none>
Request params:	<none>
Query params:	zip=E14,GB
				appid=83c0ca4e98c85c1161a957c0991f05a4
				limit=1
Form params:	<none>
Path params:	<none>
Headers:		Accept=*/*
				Content-Type=application/json
Cookies:		<none>
Multiparts:		<none>
Body:			<none>
HTTP/1.1 200 OK
Date: Fri, 25 Jul 2025 08:42:18 GMT
Content-Type: application/json; charset=utf-8
Content-Length: 72
Connection: keep-alive
X-Cache-Key: /geo/1.0/zip?limit=1&zip=e14%2cgb
Access-Control-Allow-Origin: *
Access-Control-Allow-Credentials: true
Access-Control-Allow-Methods: GET, POST

{
    "zip": "E14",
    "name": "London",
    "lat": 51.4969,
    "lon": -0.0087,
    "country": "GB"
}
]]></system-out>
    <system-err><![CDATA[SLF4J: Failed to load class "org.slf4j.impl.StaticLoggerBinder".
SLF4J: Defaulting to no-operation (NOP) logger implementation
SLF4J: See http://www.slf4j.org/codes.html#StaticLoggerBinder for further details.
]]></system-err>
  </testcase>
  <testcase name="testSearchCityByName" classname="tests.GeoCodingTest" time="1.203">
    <system-out><![CDATA[Request method:	GET
Request URI:	https://api.openweathermap.org/geo/1.0/direct?q=London&appid=83c0ca4e98c85c1161a957c0991f05a4&limit=1
Proxy:			<none>
Request params:	<none>
Query params:	q=London
				appid=83c0ca4e98c85c1161a957c0991f05a4
				limit=1
Form params:	<none>
Path params:	<none>
Headers:		Accept=*/*
				Content-Type=application/json
Cookies:		<none>
Multiparts:		<none>
Body:			<none>
HTTP/1.1 200 OK
Date: Fri, 25 Jul 2025 08:42:19 GMT
Content-Type: application/json; charset=utf-8
Content-Length: 2650
Connection: keep-alive
X-Cache-Key: /geo/1.0/direct?limit=1&q=london
Access-Control-Allow-Origin: *
Access-Control-Allow-Credentials: true
Access-Control-Allow-Methods: GET, POST

[
    {
        "name": "London",
        "local_names": {
            "fi": "Lontoo",
            "sm": "Lonetona",
            "kn": "ಲಂಡನ್",
            "be": "Лондан",
            "tg": "Лондон",
            "ga": "Londain",
            "or": "ଲଣ୍ଡନ",
            "gv": "Lunnin",
            "ny": "London",
            "fy": "Londen",
            "gd": "Lunnainn",
            "na": "London",
            "bg": "Лондон",
            "cs": "Londýn",
            "qu": "London",
            "ko": "런던",
            "yi": "לאנדאן",
            "bs": "London",
            "ps": "لندن",
            "hy": "Լոնդոն",
            "to": "Lonitoni",
            "sk": "Londýn",
            "lb": "London",
            "sv": "London",
            "ku": "London",
            "io": "London",
            "nv": "Tooh Dineʼé Bikin Haalʼá",
            "fr": "Londres",
            "bm": "London",
            "tk": "London",
            "az": "London",
            "uz": "London",
            "kv": "Лондон",
            "da": "London",
            "oc": "Londres",
            "sl": "London",
            "br": "Londrez",
            "it": "Londra",
            "ln": "Lóndɛlɛ",
            "an": "Londres",
            "lo": "ລອນດອນ",
            "fj": "Lodoni",
            "uk": "Лондон",
            "lt": "Londonas",
            "ht": "Lonn",
            "fo": "London",
            "sd": "لنڊن",
            "ee": "London",
            "ug": "لوندۇن",
            "ie": "London",
            "ja": "ロンドン",
            "id": "London",
            "kw": "Loundres",
            "tr": "Londra",
            "bo": "ལོན་ཊོན།",
            "eu": "Londres",
            "nn": "London",
            "am": "ለንደን",
            "ce": "Лондон",
            "vo": "London",
            "zu": "ILondon",
            "av": "Лондон",
            "om": "Landan",
            "se": "London",
            "so": "London",
            "sc": "Londra",
            "sq": "Londra",
            "sa": "लन्डन्",
            "pt": "Londres",
            "mr": "लंडन",
            "bn": "লন্ডন",
            "ff": "London",
            "ig": "London",
            "wo": "Londar",
            "ba": "Лондон",
            "ta": "இலண்டன்",
            "nl": "Londen",
            "tw": "London",
            "st": "London",
            "my": "လန်ဒန်မြို့",
            "tl": "Londres",
            "ia": "London",
            "zh": "伦敦",
            "ne": "लन्डन",
            "ka": "ლონდონი",
            "ur": "علاقہ لندن",
            "lv": "Londona",
            "ml": "ലണ്ടൻ",
            "si": "ලන්ඩන්",
            "li": "Londe",
            "pl": "Londyn",
            "sr": "Лондон",
            "he": "לונדון",
            "mg": "Lôndôna",
            "th": "ลอนดอน",
            "ar": "لندن",
            "jv": "London",
            "gl": "Londres",
            "ha": "Landan",
            "sn": "London",
            "rm": "Londra",
            "vi": "Luân Đôn",
            "en": "London",
            "af": "Londen",
            "sh": "London",
            "bi": "London",
            "feature_name": "London",
            "pa": "ਲੰਡਨ",
            "fa": "لندن",
            "kl": "London",
            "tt": "Лондон",
            "bh": "लंदन",
            "de": "London",
            "kk": "Лондон",
            "ky": "Лондон",
            "cy": "Llundain",
            "co": "Londra",
            "wa": "Londe",
            "su": "London",
            "ro": "Londra",
            "et": "London",
            "hu": "London",
            "ay": "London",
            "es": "Londres",
            "el": "Λονδίνο",
            "gn": "Lóndyre",
            "mn": "Лондон",
            "ru": "Лондон",
            "yo": "Lọndọnu",
            "hi": "लंदन",
            "eo": "Londono",
            "ms": "London",
            "cv": "Лондон",
            "hr": "London",
            "mt": "Londra",
            "os": "Лондон",
            "sw": "London",
            "ca": "Londres",
            "no": "London",
            "te": "లండన్",
            "ab": "Лондон",
            "ascii": "London",
            "mk": "Лондон",
            "gu": "લંડન",
            "is": "London",
            "km": "ឡុងដ៍",
            "mi": "Rānana",
            "cu": "Лондонъ"
        },
        "lat": 51.5073219,
        "lon": -0.1276474,
        "country": "GB",
        "state": "England"
    }
]
City: London
Latitude: 51.5073219
In Japanese: ロンドン
]]></system-out>
  </testcase>
  <testcase name="testSearchCityWithoutApiKey" classname="tests.GeoCodingTest" time="0.299"/>
  <testcase name="testAirQualityByCity" classname="tests.AirPollutionTest" time="0.964">
    <system-out><![CDATA[Request method:	GET
Request URI:	https://api.openweathermap.org/geo/1.0/direct?q=London&appid=83c0ca4e98c85c1161a957c0991f05a4&limit=1
Proxy:			<none>
Request params:	<none>
Query params:	q=London
				appid=83c0ca4e98c85c1161a957c0991f05a4
				limit=1
Form params:	<none>
Path params:	<none>
Headers:		Accept=*/*
				Content-Type=application/json
Cookies:		<none>
Multiparts:		<none>
Body:			<none>
HTTP/1.1 200 OK
Date: Fri, 25 Jul 2025 08:42:20 GMT
Content-Type: application/json; charset=utf-8
Content-Length: 2650
Connection: keep-alive
X-Cache-Key: /geo/1.0/direct?limit=1&q=london
Access-Control-Allow-Origin: *
Access-Control-Allow-Credentials: true
Access-Control-Allow-Methods: GET, POST

[
    {
        "name": "London",
        "local_names": {
            "fi": "Lontoo",
            "sm": "Lonetona",
            "kn": "ಲಂಡನ್",
            "be": "Лондан",
            "tg": "Лондон",
            "ga": "Londain",
            "or": "ଲଣ୍ଡନ",
            "gv": "Lunnin",
            "ny": "London",
            "fy": "Londen",
            "gd": "Lunnainn",
            "na": "London",
            "bg": "Лондон",
            "cs": "Londýn",
            "qu": "London",
            "ko": "런던",
            "yi": "לאנדאן",
            "bs": "London",
            "ps": "لندن",
            "hy": "Լոնդոն",
            "to": "Lonitoni",
            "sk": "Londýn",
            "lb": "London",
            "sv": "London",
            "ku": "London",
            "io": "London",
            "nv": "Tooh Dineʼé Bikin Haalʼá",
            "fr": "Londres",
            "bm": "London",
            "tk": "London",
            "az": "London",
            "uz": "London",
            "kv": "Лондон",
            "da": "London",
            "oc": "Londres",
            "sl": "London",
            "br": "Londrez",
            "it": "Londra",
            "ln": "Lóndɛlɛ",
            "an": "Londres",
            "lo": "ລອນດອນ",
            "fj": "Lodoni",
            "uk": "Лондон",
            "lt": "Londonas",
            "ht": "Lonn",
            "fo": "London",
            "sd": "لنڊن",
            "ee": "London",
            "ug": "لوندۇن",
            "ie": "London",
            "ja": "ロンドン",
            "id": "London",
            "kw": "Loundres",
            "tr": "Londra",
            "bo": "ལོན་ཊོན།",
            "eu": "Londres",
            "nn": "London",
            "am": "ለንደን",
            "ce": "Лондон",
            "vo": "London",
            "zu": "ILondon",
            "av": "Лондон",
            "om": "Landan",
            "se": "London",
            "so": "London",
            "sc": "Londra",
            "sq": "Londra",
            "sa": "लन्डन्",
            "pt": "Londres",
            "mr": "लंडन",
            "bn": "লন্ডন",
            "ff": "London",
            "ig": "London",
            "wo": "Londar",
            "ba": "Лондон",
            "ta": "இலண்டன்",
            "nl": "Londen",
            "tw": "London",
            "st": "London",
            "my": "လန်ဒန်မြို့",
            "tl": "Londres",
            "ia": "London",
            "zh": "伦敦",
            "ne": "लन्डन",
            "ka": "ლონდონი",
            "ur": "علاقہ لندن",
            "lv": "Londona",
            "ml": "ലണ്ടൻ",
            "si": "ලන්ඩන්",
            "li": "Londe",
            "pl": "Londyn",
            "sr": "Лондон",
            "he": "לונדון",
            "mg": "Lôndôna",
            "th": "ลอนดอน",
            "ar": "لندن",
            "jv": "London",
            "gl": "Londres",
            "ha": "Landan",
            "sn": "London",
            "rm": "Londra",
            "vi": "Luân Đôn",
            "en": "London",
            "af": "Londen",
            "sh": "London",
            "bi": "London",
            "feature_name": "London",
            "pa": "ਲੰਡਨ",
            "fa": "لندن",
            "kl": "London",
            "tt": "Лондон",
            "bh": "लंदन",
            "de": "London",
            "kk": "Лондон",
            "ky": "Лондон",
            "cy": "Llundain",
            "co": "Londra",
            "wa": "Londe",
            "su": "London",
            "ro": "Londra",
            "et": "London",
            "hu": "London",
            "ay": "London",
            "es": "Londres",
            "el": "Λονδίνο",
            "gn": "Lóndyre",
            "mn": "Лондон",
            "ru": "Лондон",
            "yo": "Lọndọnu",
            "hi": "लंदन",
            "eo": "Londono",
            "ms": "London",
            "cv": "Лондон",
            "hr": "London",
            "mt": "Londra",
            "os": "Лондон",
            "sw": "London",
            "ca": "Londres",
            "no": "London",
            "te": "లండన్",
            "ab": "Лондон",
            "ascii": "London",
            "mk": "Лондон",
            "gu": "લંડન",
            "is": "London",
            "km": "ឡុងដ៍",
            "mi": "Rānana",
            "cu": "Лондонъ"
        },
        "lat": 51.5073219,
        "lon": -0.1276474,
        "country": "GB",
        "state": "England"
    }
]
Request method:	GET
Request URI:	https://api.openweathermap.org/data/2.5/air_pollution?appid=83c0ca4e98c85c1161a957c0991f05a4&lon=-0.1276474&lat=51.50732
Proxy:			<none>
Request params:	<none>
Query params:	appid=83c0ca4e98c85c1161a957c0991f05a4
				lon=-0.1276474
				lat=51.50732
Form params:	<none>
Path params:	<none>
Headers:		Accept=*/*
				Content-Type=application/json
Cookies:		<none>
Multiparts:		<none>
Body:			<none>
HTTP/1.1 200 OK
Date: Fri, 25 Jul 2025 08:42:21 GMT
Content-Type: application/json; charset=utf-8
Content-Length: 192
Connection: keep-alive
X-Cache-Key: /data/2.5/air_pollution?lat=51.51&lon=-0.13
Access-Control-Allow-Origin: *
Access-Control-Allow-Credentials: true
Access-Control-Allow-Methods: GET, POST

{
    "coord": {
        "lon": -0.1276,
        "lat": 51.5073
    },
    "list": [
        {
            "main": {
                "aqi": 1
            },
            "components": {
                "co": 122.29,
                "no": 7.32,
                "no2": 14.79,
                "o3": 41.73,
                "so2": 10.13,
                "pm2_5": 7.05,
                "pm10": 12.11,
                "nh3": 0.51
            },
            "dt": 1753432941
        }
    ]
}
]]></system-out>
  </testcase>
  <testcase name="testGetAirPollutionByCity" classname="tests.AirPollutionTest" time="0.695">
    <system-out><![CDATA[Request method:	GET
Request URI:	https://api.openweathermap.org/geo/1.0/direct?q=London&appid=83c0ca4e98c85c1161a957c0991f05a4&limit=1
Proxy:			<none>
Request params:	<none>
Query params:	q=London
				appid=83c0ca4e98c85c1161a957c0991f05a4
				limit=1
Form params:	<none>
Path params:	<none>
Headers:		Accept=*/*
				Content-Type=application/json
Cookies:		<none>
Multiparts:		<none>
Body:			<none>
HTTP/1.1 200 OK
Date: Fri, 25 Jul 2025 08:42:21 GMT
Content-Type: application/json; charset=utf-8
Content-Length: 2650
Connection: keep-alive
X-Cache-Key: /geo/1.0/direct?limit=1&q=london
Access-Control-Allow-Origin: *
Access-Control-Allow-Credentials: true
Access-Control-Allow-Methods: GET, POST

[
    {
        "name": "London",
        "local_names": {
            "fi": "Lontoo",
            "sm": "Lonetona",
            "kn": "ಲಂಡನ್",
            "be": "Лондан",
            "tg": "Лондон",
            "ga": "Londain",
            "or": "ଲଣ୍ଡନ",
            "gv": "Lunnin",
            "ny": "London",
            "fy": "Londen",
            "gd": "Lunnainn",
            "na": "London",
            "bg": "Лондон",
            "cs": "Londýn",
            "qu": "London",
            "ko": "런던",
            "yi": "לאנדאן",
            "bs": "London",
            "ps": "لندن",
            "hy": "Լոնդոն",
            "to": "Lonitoni",
            "sk": "Londýn",
            "lb": "London",
            "sv": "London",
            "ku": "London",
            "io": "London",
            "nv": "Tooh Dineʼé Bikin Haalʼá",
            "fr": "Londres",
            "bm": "London",
            "tk": "London",
            "az": "London",
            "uz": "London",
            "kv": "Лондон",
            "da": "London",
            "oc": "Londres",
            "sl": "London",
            "br": "Londrez",
            "it": "Londra",
            "ln": "Lóndɛlɛ",
            "an": "Londres",
            "lo": "ລອນດອນ",
            "fj": "Lodoni",
            "uk": "Лондон",
            "lt": "Londonas",
            "ht": "Lonn",
            "fo": "London",
            "sd": "لنڊن",
            "ee": "London",
            "ug": "لوندۇن",
            "ie": "London",
            "ja": "ロンドン",
            "id": "London",
            "kw": "Loundres",
            "tr": "Londra",
            "bo": "ལོན་ཊོན།",
            "eu": "Londres",
            "nn": "London",
            "am": "ለንደን",
            "ce": "Лондон",
            "vo": "London",
            "zu": "ILondon",
            "av": "Лондон",
            "om": "Landan",
            "se": "London",
            "so": "London",
            "sc": "Londra",
            "sq": "Londra",
            "sa": "लन्डन्",
            "pt": "Londres",
            "mr": "लंडन",
            "bn": "লন্ডন",
            "ff": "London",
            "ig": "London",
            "wo": "Londar",
            "ba": "Лондон",
            "ta": "இலண்டன்",
            "nl": "Londen",
            "tw": "London",
            "st": "London",
            "my": "လန်ဒန်မြို့",
            "tl": "Londres",
            "ia": "London",
            "zh": "伦敦",
            "ne": "लन्डन",
            "ka": "ლონდონი",
            "ur": "علاقہ لندن",
            "lv": "Londona",
            "ml": "ലണ്ടൻ",
            "si": "ලන්ඩන්",
            "li": "Londe",
            "pl": "Londyn",
            "sr": "Лондон",
            "he": "לונדון",
            "mg": "Lôndôna",
            "th": "ลอนดอน",
            "ar": "لندن",
            "jv": "London",
            "gl": "Londres",
            "ha": "Landan",
            "sn": "London",
            "rm": "Londra",
            "vi": "Luân Đôn",
            "en": "London",
            "af": "Londen",
            "sh": "London",
            "bi": "London",
            "feature_name": "London",
            "pa": "ਲੰਡਨ",
            "fa": "لندن",
            "kl": "London",
            "tt": "Лондон",
            "bh": "लंदन",
            "de": "London",
            "kk": "Лондон",
            "ky": "Лондон",
            "cy": "Llundain",
            "co": "Londra",
            "wa": "Londe",
            "su": "London",
            "ro": "Londra",
            "et": "London",
            "hu": "London",
            "ay": "London",
            "es": "Londres",
            "el": "Λονδίνο",
            "gn": "Lóndyre",
            "mn": "Лондон",
            "ru": "Лондон",
            "yo": "Lọndọnu",
            "hi": "लंदन",
            "eo": "Londono",
            "ms": "London",
            "cv": "Лондон",
            "hr": "London",
            "mt": "Londra",
            "os": "Лондон",
            "sw": "London",
            "ca": "Londres",
            "no": "London",
            "te": "లండన్",
            "ab": "Лондон",
            "ascii": "London",
            "mk": "Лондон",
            "gu": "લંડન",
            "is": "London",
            "km": "ឡុងដ៍",
            "mi": "Rānana",
            "cu": "Лондонъ"
        },
        "lat": 51.5073219,
        "lon": -0.1276474,
        "country": "GB",
        "state": "England"
    }
]
Request method:	GET
Request URI:	https://api.openweathermap.org/data/2.5/air_pollution?appid=83c0ca4e98c85c1161a957c0991f05a4&lon=-0.1276474&lat=51.50732
Proxy:			<none>
Request params:	<none>
Query params:	appid=83c0ca4e98c85c1161a957c0991f05a4
				lon=-0.1276474
				lat=51.50732
Form params:	<none>
Path params:	<none>
Headers:		Accept=*/*
				Content-Type=application/json
Cookies:		<none>
Multiparts:		<none>
Body:			<none>
HTTP/1.1 200 OK
Date: Fri, 25 Jul 2025 08:42:22 GMT
Content-Type: application/json; charset=utf-8
Content-Length: 192
Connection: keep-alive
X-Cache-Key: /data/2.5/air_pollution?lat=51.51&lon=-0.13
Access-Control-Allow-Origin: *
Access-Control-Allow-Credentials: true
Access-Control-Allow-Methods: GET, POST

{
    "coord": {
        "lon": -0.1276,
        "lat": 51.5073
    },
    "list": [
        {
            "main": {
                "aqi": 1
            },
            "components": {
                "co": 122.29,
                "no": 7.32,
                "no2": 14.79,
                "o3": 41.73,
                "so2": 10.13,
                "pm2_5": 7.05,
                "pm10": 12.11,
                "nh3": 0.51
            },
            "dt": 1753432941
        }
    ]
}
]]></system-out>
  </testcase>
</testsuite>