<?xml version="1.0" encoding="UTF-8"?>
<!-- Generated by org.testng.reporters.JUnitReportReporter -->
<testsuite hostname="LVN01000434" failures="0" tests="2" name="tests.AirPollutionTest" time="1.659" errors="0" timestamp="2025-07-25T15:42:22 ICT" skipped="0">
  <testcase classname="tests.AirPollutionTest" name="testAirQualityByCity" time="0.965"/>
  <testcase classname="tests.AirPollutionTest" name="testGetAirPollutionByCity" time="0.694"/>
</testsuite> <!-- tests.AirPollutionTest -->
