<?xml version="1.0" encoding="UTF-8"?>
<!-- Generated by org.testng.reporters.JUnitReportReporter -->
<testsuite hostname="LVN01000434" failures="0" tests="3" name="tests.GeoCodingTest" time="2.588" errors="0" timestamp="2025-07-16T18:09:51 ICT" skipped="0">
  <testcase classname="tests.GeoCodingTest" name="TC_03_testSearchCityWithoutApiKey" time="0.175"/>
  <testcase classname="tests.GeoCodingTest" name="TC_01_testSearchCityByName" time="2.206"/>
  <testcase classname="tests.GeoCodingTest" name="TC_02_testSearchByZipcode" time="0.207"/>
</testsuite> <!-- tests.GeoCodingTest -->
