<?xml version="1.0" encoding="UTF-8"?>
<!-- Generated by org.testng.reporters.JUnitReportReporter -->
<testsuite hostname="LVN01000434" failures="0" tests="3" name="tests.GeoCodingTest" time="3.872" errors="0" timestamp="2025-07-25T15:42:22 ICT" skipped="0">
  <testcase classname="tests.GeoCodingTest" name="testSearchByZipcode" time="2.371"/>
  <testcase classname="tests.GeoCodingTest" name="testSearchCityWithoutApiKey" time="0.298"/>
  <testcase classname="tests.GeoCodingTest" name="testSearchCityByName" time="1.203"/>
</testsuite> <!-- tests.GeoCodingTest -->
