<?xml version="1.0" encoding="UTF-8"?>
<!-- Generated by org.testng.reporters.JUnitReportReporter -->
<testsuite hostname="LVN01000434" failures="0" tests="2" name="tests.AirPollutionTest" time="1.754" errors="0" timestamp="2025-07-16T18:09:51 ICT" skipped="0">
  <testcase classname="tests.AirPollutionTest" name="TC_01_testGetAirPollutionByCity" time="0.847"/>
  <testcase classname="tests.AirPollutionTest" name="TC_02_testAirQualityByCity" time="0.907"/>
</testsuite> <!-- tests.AirPollutionTest -->
